2024-11-14 20:30:16,532 [Worker-5: Loading available Gradle versions] INFO  o.e.b.c.i.u.g.PublishedGradleVersions - Gradle version information cache is up-to-date. Trying to read.
2024-11-21 22:31:32,075 [Worker-1: Loading available Gradle versions] INFO  o.e.b.c.i.u.g.PublishedGradleVersions - Gradle version information cache is up-to-date. Trying to read.
2024-11-21 22:40:33,805 [Worker-26: Loading available Gradle versions] INFO  o.e.b.c.i.u.g.PublishedGradleVersions - Gradle version information cache is up-to-date. Trying to read.
2024-11-21 22:42:16,648 [Worker-8: Loading available Gradle versions] INFO  o.e.b.c.i.u.g.PublishedGradleVersions - Gradle version information cache is up-to-date. Trying to read.
2024-11-21 22:42:44,035 [Worker-16: Importing Maven projects] ERROR o.e.m.c.i.p.ProjectConfigurationManager - Project saudacao-service already exists
2024-11-21 22:42:48,056 [Worker-16: Importing Maven projects] INFO  o.e.m.c.i.l.LifecycleMappingFactory - Using org.eclipse.m2e.jdt.JarLifecycleMapping lifecycle mapping for MavenProject: br.edu.atitus.paradigma:api-gateway-service:0.0.1-Mri @ C:\Users\nycom\OneDrive\Documentos\Atitus 4° Semestre\Paradigma de Linguagens da Programação\micro-empresa\api-gateway-service\pom.xml.
2024-11-21 22:42:49,339 [Worker-16: Importing Maven projects] INFO  o.e.m.c.i.l.LifecycleMappingFactory - Using org.eclipse.m2e.jdt.JarLifecycleMapping lifecycle mapping for MavenProject: br.edu.atitus.paradigma:cambio-service:0.0.1-SNAPSHOT @ C:\Users\nycom\OneDrive\Documentos\Atitus 4° Semestre\Paradigma de Linguagens da Programação\micro-empresa\cambio-service\pom.xml.
2024-11-21 22:42:49,922 [Worker-16: Importing Maven projects] INFO  o.e.m.c.i.l.LifecycleMappingFactory - Using org.eclipse.m2e.jdt.JarLifecycleMapping lifecycle mapping for MavenProject: br.edu.atitus.paradigma:config-service:0.0.1-SNAPSHOT @ C:\Users\nycom\OneDrive\Documentos\Atitus 4° Semestre\Paradigma de Linguagens da Programação\micro-empresa\config-service\pom.xml.
2024-11-21 22:42:50,258 [Worker-16: Importing Maven projects] INFO  o.e.m.c.i.l.LifecycleMappingFactory - Using org.eclipse.m2e.jdt.JarLifecycleMapping lifecycle mapping for MavenProject: br.edu.atitus.paradigma:eureka-service:0.0.1-SNAPSHOT @ C:\Users\nycom\OneDrive\Documentos\Atitus 4° Semestre\Paradigma de Linguagens da Programação\micro-empresa\eureka-service\pom.xml.
2024-11-21 22:42:50,608 [Worker-16: Importing Maven projects] INFO  o.e.m.c.i.l.LifecycleMappingFactory - Using org.eclipse.m2e.jdt.JarLifecycleMapping lifecycle mapping for MavenProject: br.edu.atitus.paradigma:saudacao-service:0.0.1-SNAPSHOT @ C:\Users\nycom\OneDrive\Documentos\Atitus 4° Semestre\Paradigma de Linguagens da Programação\micro-empresa\microservices-java\saudacao-service\pom.xml.
2024-11-21 22:42:50,724 [Worker-16: Importing Maven projects] INFO  o.e.m.c.i.l.LifecycleMappingFactory - Using org.eclipse.m2e.jdt.JarLifecycleMapping lifecycle mapping for MavenProject: br.edu.atitus.paradigma:produto-service:0.0.1-SNAPSHOT @ C:\Users\nycom\OneDrive\Documentos\Atitus 4° Semestre\Paradigma de Linguagens da Programação\micro-empresa\produto-service\pom.xml.
2024-11-21 22:42:54,181 [Worker-16: Importing Maven projects] INFO  o.e.m.j.i.AbstractJavaProjectConfigurator - Adding source folder /config-service/src/main/java
2024-11-21 22:42:54,185 [Worker-16: Importing Maven projects] INFO  o.e.m.j.i.AbstractJavaProjectConfigurator - Adding resource folder /config-service/src/main/resources
2024-11-21 22:42:54,187 [Worker-16: Importing Maven projects] INFO  o.e.m.j.i.AbstractJavaProjectConfigurator - Adding resource folder /config-service/src/main/resources
2024-11-21 22:42:54,189 [Worker-16: Importing Maven projects] INFO  o.e.m.j.i.AbstractJavaProjectConfigurator - Adding source folder /config-service/src/test/java
2024-11-21 22:42:54,192 [Worker-16: Importing Maven projects] INFO  o.e.m.j.i.AbstractJavaProjectConfigurator - Adding resource folder /config-service/src/test/resources
2024-11-21 22:42:54,703 [Worker-16: Importing Maven projects] INFO  o.e.m.j.i.AbstractJavaProjectConfigurator - Adding source folder /eureka-service/src/main/java
2024-11-21 22:42:54,704 [Worker-16: Importing Maven projects] INFO  o.e.m.j.i.AbstractJavaProjectConfigurator - Adding resource folder /eureka-service/src/main/resources
2024-11-21 22:42:54,706 [Worker-16: Importing Maven projects] INFO  o.e.m.j.i.AbstractJavaProjectConfigurator - Adding resource folder /eureka-service/src/main/resources
2024-11-21 22:42:54,707 [Worker-16: Importing Maven projects] INFO  o.e.m.j.i.AbstractJavaProjectConfigurator - Adding source folder /eureka-service/src/test/java
2024-11-21 22:42:54,708 [Worker-16: Importing Maven projects] INFO  o.e.m.j.i.AbstractJavaProjectConfigurator - Adding resource folder /eureka-service/src/test/resources
2024-11-21 22:42:55,349 [Worker-16: Importing Maven projects] INFO  o.e.m.j.i.AbstractJavaProjectConfigurator - Adding source folder /produto-service/src/main/java
2024-11-21 22:42:55,350 [Worker-16: Importing Maven projects] INFO  o.e.m.j.i.AbstractJavaProjectConfigurator - Adding resource folder /produto-service/src/main/resources
2024-11-21 22:42:55,351 [Worker-16: Importing Maven projects] INFO  o.e.m.j.i.AbstractJavaProjectConfigurator - Adding resource folder /produto-service/src/main/resources
2024-11-21 22:42:55,353 [Worker-16: Importing Maven projects] INFO  o.e.m.j.i.AbstractJavaProjectConfigurator - Adding source folder /produto-service/src/test/java
2024-11-21 22:42:55,354 [Worker-16: Importing Maven projects] INFO  o.e.m.j.i.AbstractJavaProjectConfigurator - Adding resource folder /produto-service/src/test/resources
2024-11-21 22:42:55,796 [Worker-16: Importing Maven projects] INFO  o.e.m.j.i.AbstractJavaProjectConfigurator - Adding source folder /saudacao-service/src/main/java
2024-11-21 22:42:55,796 [Worker-16: Importing Maven projects] INFO  o.e.m.j.i.AbstractJavaProjectConfigurator - Adding resource folder /saudacao-service/src/main/resources
2024-11-21 22:42:55,797 [Worker-16: Importing Maven projects] INFO  o.e.m.j.i.AbstractJavaProjectConfigurator - Adding resource folder /saudacao-service/src/main/resources
2024-11-21 22:42:55,798 [Worker-16: Importing Maven projects] INFO  o.e.m.j.i.AbstractJavaProjectConfigurator - Adding source folder /saudacao-service/src/test/java
2024-11-21 22:42:55,798 [Worker-16: Importing Maven projects] INFO  o.e.m.j.i.AbstractJavaProjectConfigurator - Adding resource folder /saudacao-service/src/test/resources
2024-11-21 22:42:56,131 [Worker-16: Importing Maven projects] INFO  o.e.m.j.i.AbstractJavaProjectConfigurator - Adding source folder /api-gateway-service/src/main/java
2024-11-21 22:42:56,132 [Worker-16: Importing Maven projects] INFO  o.e.m.j.i.AbstractJavaProjectConfigurator - Adding resource folder /api-gateway-service/src/main/resources
2024-11-21 22:42:56,134 [Worker-16: Importing Maven projects] INFO  o.e.m.j.i.AbstractJavaProjectConfigurator - Adding resource folder /api-gateway-service/src/main/resources
2024-11-21 22:42:56,134 [Worker-16: Importing Maven projects] INFO  o.e.m.j.i.AbstractJavaProjectConfigurator - Adding source folder /api-gateway-service/src/test/java
2024-11-21 22:42:56,136 [Worker-16: Importing Maven projects] INFO  o.e.m.j.i.AbstractJavaProjectConfigurator - Adding resource folder /api-gateway-service/src/test/resources
2024-11-21 22:42:56,628 [Worker-16: Importing Maven projects] INFO  o.e.m.j.i.AbstractJavaProjectConfigurator - Adding source folder /cambio-service/src/main/java
2024-11-21 22:42:56,630 [Worker-16: Importing Maven projects] INFO  o.e.m.j.i.AbstractJavaProjectConfigurator - Adding resource folder /cambio-service/src/main/resources
2024-11-21 22:42:56,631 [Worker-16: Importing Maven projects] INFO  o.e.m.j.i.AbstractJavaProjectConfigurator - Adding resource folder /cambio-service/src/main/resources
2024-11-21 22:42:56,631 [Worker-16: Importing Maven projects] INFO  o.e.m.j.i.AbstractJavaProjectConfigurator - Adding source folder /cambio-service/src/test/java
2024-11-21 22:42:56,632 [Worker-16: Importing Maven projects] INFO  o.e.m.j.i.AbstractJavaProjectConfigurator - Adding resource folder /cambio-service/src/test/resources
2024-11-21 22:42:57,167 [Worker-16: Importing Maven projects] INFO  o.e.m.c.i.p.ProjectConfigurationManager - Imported and configured 7 project(s) in 13 sec
2024-11-21 22:42:57,698 [Worker-10: Updating Maven Project] INFO  o.e.m.c.i.p.ProjectConfigurationManager - Update started
2024-11-21 22:43:00,197 [Worker-10: Updating Maven Project] INFO  o.e.m.c.i.l.LifecycleMappingFactory - Using org.eclipse.m2e.jdt.JarLifecycleMapping lifecycle mapping for MavenProject: br.edu.atitus.paradigma:api-gateway-service:0.0.1-Mri @ C:\Users\nycom\OneDrive\Documentos\Atitus 4° Semestre\Paradigma de Linguagens da Programação\micro-empresa\api-gateway-service\pom.xml.
2024-11-21 22:43:00,963 [Worker-10: Updating Maven Project] INFO  o.e.m.c.i.l.LifecycleMappingFactory - Using org.eclipse.m2e.jdt.JarLifecycleMapping lifecycle mapping for MavenProject: br.edu.atitus.paradigma:cambio-service:0.0.1-SNAPSHOT @ C:\Users\nycom\OneDrive\Documentos\Atitus 4° Semestre\Paradigma de Linguagens da Programação\micro-empresa\cambio-service\pom.xml.
2024-11-21 22:43:01,346 [Worker-10: Updating Maven Project] INFO  o.e.m.c.i.l.LifecycleMappingFactory - Using org.eclipse.m2e.jdt.JarLifecycleMapping lifecycle mapping for MavenProject: br.edu.atitus.paradigma:config-service:0.0.1-SNAPSHOT @ C:\Users\nycom\OneDrive\Documentos\Atitus 4° Semestre\Paradigma de Linguagens da Programação\micro-empresa\config-service\pom.xml.
2024-11-21 22:43:01,513 [Worker-10: Updating Maven Project] INFO  o.e.m.c.i.l.LifecycleMappingFactory - Using org.eclipse.m2e.jdt.JarLifecycleMapping lifecycle mapping for MavenProject: br.edu.atitus.paradigma:eureka-service:0.0.1-SNAPSHOT @ C:\Users\nycom\OneDrive\Documentos\Atitus 4° Semestre\Paradigma de Linguagens da Programação\micro-empresa\eureka-service\pom.xml.
2024-11-21 22:43:01,724 [Worker-10: Updating Maven Project] INFO  o.e.m.c.i.l.LifecycleMappingFactory - Using org.eclipse.m2e.jdt.JarLifecycleMapping lifecycle mapping for MavenProject: br.edu.atitus.paradigma:produto-service:0.0.1-SNAPSHOT @ C:\Users\nycom\OneDrive\Documentos\Atitus 4° Semestre\Paradigma de Linguagens da Programação\micro-empresa\produto-service\pom.xml.
2024-11-21 22:43:01,841 [Worker-10: Updating Maven Project] INFO  o.e.m.c.i.l.LifecycleMappingFactory - Using org.eclipse.m2e.jdt.JarLifecycleMapping lifecycle mapping for MavenProject: br.edu.atitus.paradigma:saudacao-service:0.0.1-SNAPSHOT @ C:\Users\nycom\OneDrive\Documentos\Atitus 4° Semestre\Paradigma de Linguagens da Programação\micro-empresa\microservices-java\saudacao-service\pom.xml.
2024-11-21 22:43:03,422 [Worker-10: Updating Maven Project] INFO  o.e.m.j.i.AbstractJavaProjectConfigurator - Adding source folder /api-gateway-service/src/main/java
2024-11-21 22:43:03,422 [Worker-10: Updating Maven Project] INFO  o.e.m.j.i.AbstractJavaProjectConfigurator - Adding resource folder /api-gateway-service/src/main/resources
2024-11-21 22:43:03,423 [Worker-10: Updating Maven Project] INFO  o.e.m.j.i.AbstractJavaProjectConfigurator - Adding resource folder /api-gateway-service/src/main/resources
2024-11-21 22:43:03,423 [Worker-10: Updating Maven Project] INFO  o.e.m.j.i.AbstractJavaProjectConfigurator - Adding source folder /api-gateway-service/src/test/java
2024-11-21 22:43:03,424 [Worker-10: Updating Maven Project] INFO  o.e.m.j.i.AbstractJavaProjectConfigurator - Adding resource folder /api-gateway-service/src/test/resources
2024-11-21 22:43:03,768 [Worker-10: Updating Maven Project] INFO  o.e.m.j.i.AbstractJavaProjectConfigurator - Adding source folder /cambio-service/src/main/java
2024-11-21 22:43:03,769 [Worker-10: Updating Maven Project] INFO  o.e.m.j.i.AbstractJavaProjectConfigurator - Adding resource folder /cambio-service/src/main/resources
2024-11-21 22:43:03,769 [Worker-10: Updating Maven Project] INFO  o.e.m.j.i.AbstractJavaProjectConfigurator - Adding resource folder /cambio-service/src/main/resources
2024-11-21 22:43:03,769 [Worker-10: Updating Maven Project] INFO  o.e.m.j.i.AbstractJavaProjectConfigurator - Adding source folder /cambio-service/src/test/java
2024-11-21 22:43:03,770 [Worker-10: Updating Maven Project] INFO  o.e.m.j.i.AbstractJavaProjectConfigurator - Adding resource folder /cambio-service/src/test/resources
2024-11-21 22:43:04,171 [Worker-10: Updating Maven Project] INFO  o.e.m.j.i.AbstractJavaProjectConfigurator - Adding source folder /config-service/src/main/java
2024-11-21 22:43:04,171 [Worker-10: Updating Maven Project] INFO  o.e.m.j.i.AbstractJavaProjectConfigurator - Adding resource folder /config-service/src/main/resources
2024-11-21 22:43:04,172 [Worker-10: Updating Maven Project] INFO  o.e.m.j.i.AbstractJavaProjectConfigurator - Adding resource folder /config-service/src/main/resources
2024-11-21 22:43:04,172 [Worker-10: Updating Maven Project] INFO  o.e.m.j.i.AbstractJavaProjectConfigurator - Adding source folder /config-service/src/test/java
2024-11-21 22:43:04,173 [Worker-10: Updating Maven Project] INFO  o.e.m.j.i.AbstractJavaProjectConfigurator - Adding resource folder /config-service/src/test/resources
2024-11-21 22:43:04,408 [Worker-10: Updating Maven Project] INFO  o.e.m.j.i.AbstractJavaProjectConfigurator - Adding source folder /eureka-service/src/main/java
2024-11-21 22:43:04,409 [Worker-10: Updating Maven Project] INFO  o.e.m.j.i.AbstractJavaProjectConfigurator - Adding resource folder /eureka-service/src/main/resources
2024-11-21 22:43:04,410 [Worker-10: Updating Maven Project] INFO  o.e.m.j.i.AbstractJavaProjectConfigurator - Adding resource folder /eureka-service/src/main/resources
2024-11-21 22:43:04,411 [Worker-10: Updating Maven Project] INFO  o.e.m.j.i.AbstractJavaProjectConfigurator - Adding source folder /eureka-service/src/test/java
2024-11-21 22:43:04,411 [Worker-10: Updating Maven Project] INFO  o.e.m.j.i.AbstractJavaProjectConfigurator - Adding resource folder /eureka-service/src/test/resources
2024-11-21 22:43:04,796 [Worker-10: Updating Maven Project] INFO  o.e.m.j.i.AbstractJavaProjectConfigurator - Adding source folder /produto-service/src/main/java
2024-11-21 22:43:04,797 [Worker-10: Updating Maven Project] INFO  o.e.m.j.i.AbstractJavaProjectConfigurator - Adding resource folder /produto-service/src/main/resources
2024-11-21 22:43:04,798 [Worker-10: Updating Maven Project] INFO  o.e.m.j.i.AbstractJavaProjectConfigurator - Adding resource folder /produto-service/src/main/resources
2024-11-21 22:43:04,798 [Worker-10: Updating Maven Project] INFO  o.e.m.j.i.AbstractJavaProjectConfigurator - Adding source folder /produto-service/src/test/java
2024-11-21 22:43:04,799 [Worker-10: Updating Maven Project] INFO  o.e.m.j.i.AbstractJavaProjectConfigurator - Adding resource folder /produto-service/src/test/resources
2024-11-21 22:43:05,167 [Worker-10: Updating Maven Project] INFO  o.e.m.j.i.AbstractJavaProjectConfigurator - Adding source folder /saudacao-service/src/main/java
2024-11-21 22:43:05,168 [Worker-10: Updating Maven Project] INFO  o.e.m.j.i.AbstractJavaProjectConfigurator - Adding resource folder /saudacao-service/src/main/resources
2024-11-21 22:43:05,169 [Worker-10: Updating Maven Project] INFO  o.e.m.j.i.AbstractJavaProjectConfigurator - Adding resource folder /saudacao-service/src/main/resources
2024-11-21 22:43:05,169 [Worker-10: Updating Maven Project] INFO  o.e.m.j.i.AbstractJavaProjectConfigurator - Adding source folder /saudacao-service/src/test/java
2024-11-21 22:43:05,170 [Worker-10: Updating Maven Project] INFO  o.e.m.j.i.AbstractJavaProjectConfigurator - Adding resource folder /saudacao-service/src/test/resources
2024-11-21 22:43:05,813 [Worker-10: Updating Maven Project] INFO  o.e.m.c.i.p.ProjectConfigurationManager - Update completed for 6 poms: local refresh takes 0,00 sec, refresh facades takes 5,00 sec, update config takes 1,00 sec 
2024-11-21 22:43:06,354 [Worker-26: Building] INFO  o.a.m.s.f.DefaultMavenResourcesFiltering - Copying 1 resource from src\main\resources to target\classes
2024-11-21 22:43:06,372 [Worker-26: Building] INFO  o.a.m.s.f.DefaultMavenResourcesFiltering - Copying 0 resource from src\main\resources to target\classes
2024-11-21 22:43:06,379 [Worker-26: Building] INFO  o.a.m.s.f.DefaultMavenResourcesFiltering - skip non existing resourceDirectory C:\Users\nycom\OneDrive\Documentos\Atitus 4° Semestre\Paradigma de Linguagens da Programação\micro-empresa\api-gateway-service\src\test\resources
2024-11-21 22:43:07,101 [Worker-26: Building] INFO  o.a.m.s.f.DefaultMavenResourcesFiltering - Copying 1 resource from src\main\resources to target\classes
2024-11-21 22:43:07,118 [Worker-26: Building] INFO  o.a.m.s.f.DefaultMavenResourcesFiltering - Copying 2 resources from src\main\resources to target\classes
2024-11-21 22:43:07,128 [Worker-26: Building] INFO  o.a.m.s.f.DefaultMavenResourcesFiltering - skip non existing resourceDirectory C:\Users\nycom\OneDrive\Documentos\Atitus 4° Semestre\Paradigma de Linguagens da Programação\micro-empresa\cambio-service\src\test\resources
2024-11-21 22:43:07,306 [Worker-26: Building] INFO  o.a.m.s.f.DefaultMavenResourcesFiltering - Copying 1 resource from src\main\resources to target\classes
2024-11-21 22:43:07,322 [Worker-26: Building] INFO  o.a.m.s.f.DefaultMavenResourcesFiltering - Copying 1 resource from src\main\resources to target\classes
2024-11-21 22:43:07,329 [Worker-26: Building] INFO  o.a.m.s.f.DefaultMavenResourcesFiltering - skip non existing resourceDirectory C:\Users\nycom\OneDrive\Documentos\Atitus 4° Semestre\Paradigma de Linguagens da Programação\micro-empresa\config-service\src\test\resources
2024-11-21 22:43:07,524 [Worker-26: Building] INFO  o.a.m.s.f.DefaultMavenResourcesFiltering - Copying 2 resources from src\main\resources to target\classes
2024-11-21 22:43:07,546 [Worker-26: Building] INFO  o.a.m.s.f.DefaultMavenResourcesFiltering - Copying 0 resource from src\main\resources to target\classes
2024-11-21 22:43:07,552 [Worker-26: Building] INFO  o.a.m.s.f.DefaultMavenResourcesFiltering - Copying 0 resource from src\test\resources to target\test-classes
2024-11-21 22:43:07,817 [Worker-26: Building] INFO  o.a.m.s.f.DefaultMavenResourcesFiltering - Copying 1 resource from src\main\resources to target\classes
2024-11-21 22:43:07,837 [Worker-26: Building] INFO  o.a.m.s.f.DefaultMavenResourcesFiltering - Copying 2 resources from src\main\resources to target\classes
2024-11-21 22:43:07,848 [Worker-26: Building] INFO  o.a.m.s.f.DefaultMavenResourcesFiltering - skip non existing resourceDirectory C:\Users\nycom\OneDrive\Documentos\Atitus 4° Semestre\Paradigma de Linguagens da Programação\micro-empresa\produto-service\src\test\resources
2024-11-21 22:43:08,048 [Worker-26: Building] INFO  o.a.m.s.f.DefaultMavenResourcesFiltering - Copying 1 resource from src\main\resources to target\classes
2024-11-21 22:43:08,065 [Worker-26: Building] INFO  o.a.m.s.f.DefaultMavenResourcesFiltering - Copying 0 resource from src\main\resources to target\classes
2024-11-21 22:43:08,073 [Worker-26: Building] INFO  o.a.m.s.f.DefaultMavenResourcesFiltering - skip non existing resourceDirectory C:\Users\nycom\OneDrive\Documentos\Atitus 4° Semestre\Paradigma de Linguagens da Programação\micro-empresa\microservices-java\saudacao-service\src\test\resources
2024-11-21 22:43:21,163 [Worker-15: Building] INFO  o.e.m.c.i.l.LifecycleMappingFactory - Using org.eclipse.m2e.jdt.JarLifecycleMapping lifecycle mapping for MavenProject: br.edu.atitus.paradigma:saudacao-service:0.0.1-SNAPSHOT @ C:\Users\nycom\OneDrive\Documentos\Atitus 4° Semestre\Paradigma de Linguagens da Programação\micro-empresa\microservices-java\saudacao-service\pom.xml.
